# JRE version: OpenJDK Runtime Environment (11.0.8+10) (build 11.0.8+10-b944.6842174)
# Java VM: OpenJDK 64-Bit Server VM (11.0.8+10-b944.6842174, mixed mode, tiered, compressed oops, g1 gc, windows-amd64)
Heap:
 garbage-first heap   total 177152K, used 47183K [0x0000000080000000, 0x0000000100000000)
  region size 1024K, 8 young (8192K), 8 survivors (8192K)
 Metaspace       used 63677K, capacity 65236K, committed 65360K, reserved 1105920K
  class space    used 8258K, capacity 8782K, committed 8832K, reserved 1048576K
GC Heap History (20 events):
Event: 0.544 GC heap after
{Heap after GC invocations=1 (full 0):
 garbage-first heap   total 122880K, used 8390K [0x0000000080000000, 0x0000000100000000)
  region size 1024K, 3 young (3072K), 3 survivors (3072K)
 Metaspace       used 10506K, capacity 10783K, committed 11008K, reserved 1058816K
  class space    used 1098K, capacity 1193K, committed 1280K, reserved 1048576K
}
Event: 1.730 GC heap before
{Heap before GC invocations=1 (full 0):
 garbage-first heap   total 122880K, used 78022K [0x0000000080000000, 0x0000000100000000)
  region size 1024K, 72 young (73728K), 3 survivors (3072K)
 Metaspace       used 18390K, capacity 18808K, committed 19072K, reserved 1067008K
  class space    used 2191K, capacity 2328K, committed 2432K, reserved 1048576K
}
Event: 1.738 GC heap after
{Heap after GC invocations=2 (full 0):
 garbage-first heap   total 122880K, used 15591K [0x0000000080000000, 0x0000000100000000)
  region size 1024K, 9 young (9216K), 9 survivors (9216K)
 Metaspace       used 18390K, capacity 18808K, committed 19072K, reserved 1067008K
  class space    used 2191K, capacity 2328K, committed 2432K, reserved 1048576K
}
Event: 1.887 GC heap before
{Heap before GC invocations=2 (full 0):
 garbage-first heap   total 122880K, used 30951K [0x0000000080000000, 0x0000000100000000)
  region size 1024K, 26 young (26624K), 9 survivors (9216K)
 Metaspace       used 20661K, capacity 21191K, committed 21296K, reserved 1069056K
  class space    used 2518K, capacity 2680K, committed 2688K, reserved 1048576K
}
Event: 1.895 GC heap after
{Heap after GC invocations=3 (full 0):
 garbage-first heap   total 122880K, used 16677K [0x0000000080000000, 0x0000000100000000)
  region size 1024K, 1 young (1024K), 1 survivors (1024K)
 Metaspace       used 20661K, capacity 21191K, committed 21296K, reserved 1069056K
  class space    used 2518K, capacity 2680K, committed 2688K, reserved 1048576K
}
Event: 2.321 GC heap before
{Heap before GC invocations=4 (full 0):
 garbage-first heap   total 122880K, used 59685K [0x0000000080000000, 0x0000000100000000)
  region size 1024K, 44 young (45056K), 1 survivors (1024K)
 Metaspace       used 25663K, capacity 26341K, committed 26368K, reserved 1073152K
  class space    used 3331K, capacity 3570K, committed 3584K, reserved 1048576K
}
Event: 2.324 GC heap after
{Heap after GC invocations=5 (full 0):
 garbage-first heap   total 122880K, used 18260K [0x0000000080000000, 0x0000000100000000)
  region size 1024K, 3 young (3072K), 3 survivors (3072K)
 Metaspace       used 25663K, capacity 26341K, committed 26368K, reserved 1073152K
  class space    used 3331K, capacity 3570K, committed 3584K, reserved 1048576K
}
Event: 3.008 GC heap before
{Heap before GC invocations=5 (full 0):
 garbage-first heap   total 122880K, used 66388K [0x0000000080000000, 0x0000000100000000)
  region size 1024K, 51 young (52224K), 3 survivors (3072K)
 Metaspace       used 33749K, capacity 34409K, committed 34560K, reserved 1079296K
  class space    used 4359K, capacity 4601K, committed 4608K, reserved 1048576K
}
Event: 3.013 GC heap after
{Heap after GC invocations=6 (full 0):
 garbage-first heap   total 122880K, used 21273K [0x0000000080000000, 0x0000000100000000)
  region size 1024K, 6 young (6144K), 6 survivors (6144K)
 Metaspace       used 33749K, capacity 34409K, committed 34560K, reserved 1079296K
  class space    used 4359K, capacity 4601K, committed 4608K, reserved 1048576K
}
Event: 3.121 GC heap before
{Heap before GC invocations=6 (full 0):
 garbage-first heap   total 122880K, used 28441K [0x0000000080000000, 0x0000000100000000)
  region size 1024K, 14 young (14336K), 6 survivors (6144K)
 Metaspace       used 35130K, capacity 35873K, committed 36048K, reserved 1081344K
  class space    used 4562K, capacity 4856K, committed 4864K, reserved 1048576K
}
Event: 3.128 GC heap after
{Heap after GC invocations=7 (full 0):
 garbage-first heap   total 122880K, used 21862K [0x0000000080000000, 0x0000000100000000)
  region size 1024K, 4 young (4096K), 4 survivors (4096K)
 Metaspace       used 35130K, capacity 35873K, committed 36048K, reserved 1081344K
  class space    used 4562K, capacity 4856K, committed 4864K, reserved 1048576K
}
Event: 3.714 GC heap before
{Heap before GC invocations=8 (full 0):
 garbage-first heap   total 122880K, used 80230K [0x0000000080000000, 0x0000000100000000)
  region size 1024K, 58 young (59392K), 4 survivors (4096K)
 Metaspace       used 40698K, capacity 41606K, committed 41808K, reserved 1085440K
  class space    used 5191K, capacity 5501K, committed 5504K, reserved 1048576K
}
Event: 3.722 GC heap after
{Heap after GC invocations=9 (full 0):
 garbage-first heap   total 147456K, used 24656K [0x0000000080000000, 0x0000000100000000)
  region size 1024K, 7 young (7168K), 7 survivors (7168K)
 Metaspace       used 40698K, capacity 41606K, committed 41808K, reserved 1085440K
  class space    used 5191K, capacity 5501K, committed 5504K, reserved 1048576K
}
Event: 4.558 GC heap before
{Heap before GC invocations=9 (full 0):
 garbage-first heap   total 147456K, used 93264K [0x0000000080000000, 0x0000000100000000)
  region size 1024K, 74 young (75776K), 7 survivors (7168K)
 Metaspace       used 44627K, capacity 45708K, committed 45776K, reserved 1089536K
  class space    used 5695K, capacity 6082K, committed 6144K, reserved 1048576K
}
Event: 4.565 GC heap after
{Heap after GC invocations=10 (full 0):
 garbage-first heap   total 147456K, used 28147K [0x0000000080000000, 0x0000000100000000)
  region size 1024K, 7 young (7168K), 7 survivors (7168K)
 Metaspace       used 44627K, capacity 45708K, committed 45776K, reserved 1089536K
  class space    used 5695K, capacity 6082K, committed 6144K, reserved 1048576K
}
Event: 5.281 GC heap before
{Heap before GC invocations=10 (full 0):
 garbage-first heap   total 147456K, used 100851K [0x0000000080000000, 0x0000000100000000)
  region size 1024K, 76 young (77824K), 7 survivors (7168K)
 Metaspace       used 53189K, capacity 54493K, committed 54608K, reserved 1097728K
  class space    used 6736K, capacity 7181K, committed 7296K, reserved 1048576K
}
Event: 5.294 GC heap after
{Heap after GC invocations=11 (full 0):
 garbage-first heap   total 147456K, used 38910K [0x0000000080000000, 0x0000000100000000)
  region size 1024K, 10 young (10240K), 10 survivors (10240K)
 Metaspace       used 53189K, capacity 54493K, committed 54608K, reserved 1097728K
  class space    used 6736K, capacity 7181K, committed 7296K, reserved 1048576K
}
Event: 6.002 GC heap before
{Heap before GC invocations=11 (full 0):
 garbage-first heap   total 147456K, used 86014K [0x0000000080000000, 0x0000000100000000)
  region size 1024K, 56 young (57344K), 10 survivors (10240K)
 Metaspace       used 58607K, capacity 60063K, committed 60240K, reserved 1101824K
  class space    used 7423K, capacity 7940K, committed 8064K, reserved 1048576K
}
Event: 6.019 GC heap after
{Heap after GC invocations=12 (full 0):
 garbage-first heap   total 147456K, used 43557K [0x0000000080000000, 0x0000000100000000)
  region size 1024K, 5 young (5120K), 5 survivors (5120K)
 Metaspace       used 58607K, capacity 60063K, committed 60240K, reserved 1101824K
  class space    used 7423K, capacity 7940K, committed 8064K, reserved 1048576K
}
Event: 6.753 GC heap before
{Heap before GC invocations=13 (full 0):
 garbage-first heap   total 147456K, used 101925K [0x0000000080000000, 0x0000000100000000)
  region size 1024K, 62 young (63488K), 5 survivors (5120K)
 Metaspace       used 63677K, capacity 65236K, committed 65360K, reserved 1105920K
  class space    used 8258K, capacity 8782K, committed 8832K, reserved 1048576K
}

