# JRE version: OpenJDK Runtime Environment (11.0.8+10) (build 11.0.8+10-b944.6842174)
# Java VM: OpenJDK 64-Bit Server VM (11.0.8+10-b944.6842174, mixed mode, tiered, compressed oops, g1 gc, windows-amd64)
Heap:
 garbage-first heap   total 177152K, used 63977K [0x0000000080000000, 0x0000000100000000)
  region size 1024K, 19 young (19456K), 10 survivors (10240K)
 Metaspace       used 76189K, capacity 78239K, committed 78544K, reserved 1118208K
  class space    used 9934K, capacity 10658K, committed 10752K, reserved 1048576K
GC Heap History (20 events):
Event: 2.643 GC heap before
{Heap before GC invocations=4 (full 0):
 garbage-first heap   total 122880K, used 62424K [0x0000000080000000, 0x0000000100000000)
  region size 1024K, 46 young (47104K), 1 survivors (1024K)
 Metaspace       used 25861K, capacity 26565K, committed 26752K, reserved 1073152K
  class space    used 3358K, capacity 3602K, committed 3712K, reserved 1048576K
}
Event: 2.646 GC heap after
{Heap after GC invocations=5 (full 0):
 garbage-first heap   total 122880K, used 18049K [0x0000000080000000, 0x0000000100000000)
  region size 1024K, 3 young (3072K), 3 survivors (3072K)
 Metaspace       used 25861K, capacity 26565K, committed 26752K, reserved 1073152K
  class space    used 3358K, capacity 3602K, committed 3712K, reserved 1048576K
}
Event: 3.486 GC heap before
{Heap before GC invocations=5 (full 0):
 garbage-first heap   total 122880K, used 67201K [0x0000000080000000, 0x0000000100000000)
  region size 1024K, 52 young (53248K), 3 survivors (3072K)
 Metaspace       used 34306K, capacity 34991K, committed 35200K, reserved 1079296K
  class space    used 4429K, capacity 4667K, committed 4736K, reserved 1048576K
}
Event: 3.492 GC heap after
{Heap after GC invocations=6 (full 0):
 garbage-first heap   total 122880K, used 21146K [0x0000000080000000, 0x0000000100000000)
  region size 1024K, 6 young (6144K), 6 survivors (6144K)
 Metaspace       used 34306K, capacity 34991K, committed 35200K, reserved 1079296K
  class space    used 4429K, capacity 4667K, committed 4736K, reserved 1048576K
}
Event: 3.607 GC heap before
{Heap before GC invocations=6 (full 0):
 garbage-first heap   total 122880K, used 28314K [0x0000000080000000, 0x0000000100000000)
  region size 1024K, 14 young (14336K), 6 survivors (6144K)
 Metaspace       used 35268K, capacity 36009K, committed 36048K, reserved 1081344K
  class space    used 4572K, capacity 4858K, committed 4864K, reserved 1048576K
}
Event: 3.615 GC heap after
{Heap after GC invocations=7 (full 0):
 garbage-first heap   total 122880K, used 21862K [0x0000000080000000, 0x0000000100000000)
  region size 1024K, 4 young (4096K), 4 survivors (4096K)
 Metaspace       used 35268K, capacity 36009K, committed 36048K, reserved 1081344K
  class space    used 4572K, capacity 4858K, committed 4864K, reserved 1048576K
}
Event: 4.236 GC heap before
{Heap before GC invocations=8 (full 0):
 garbage-first heap   total 122880K, used 78182K [0x0000000080000000, 0x0000000100000000)
  region size 1024K, 56 young (57344K), 4 survivors (4096K)
 Metaspace       used 40754K, capacity 41606K, committed 41808K, reserved 1085440K
  class space    used 5193K, capacity 5501K, committed 5504K, reserved 1048576K
}
Event: 4.243 GC heap after
{Heap after GC invocations=9 (full 0):
 garbage-first heap   total 147456K, used 24613K [0x0000000080000000, 0x0000000100000000)
  region size 1024K, 7 young (7168K), 7 survivors (7168K)
 Metaspace       used 40754K, capacity 41606K, committed 41808K, reserved 1085440K
  class space    used 5193K, capacity 5501K, committed 5504K, reserved 1048576K
}
Event: 5.067 GC heap before
{Heap before GC invocations=9 (full 0):
 garbage-first heap   total 147456K, used 90149K [0x0000000080000000, 0x0000000100000000)
  region size 1024K, 71 young (72704K), 7 survivors (7168K)
 Metaspace       used 44571K, capacity 45627K, committed 45776K, reserved 1089536K
  class space    used 5687K, capacity 6055K, committed 6144K, reserved 1048576K
}
Event: 5.076 GC heap after
{Heap after GC invocations=10 (full 0):
 garbage-first heap   total 147456K, used 27400K [0x0000000080000000, 0x0000000100000000)
  region size 1024K, 7 young (7168K), 7 survivors (7168K)
 Metaspace       used 44571K, capacity 45627K, committed 45776K, reserved 1089536K
  class space    used 5687K, capacity 6055K, committed 6144K, reserved 1048576K
}
Event: 5.824 GC heap before
{Heap before GC invocations=10 (full 0):
 garbage-first heap   total 147456K, used 97032K [0x0000000080000000, 0x0000000100000000)
  region size 1024K, 73 young (74752K), 7 survivors (7168K)
 Metaspace       used 52391K, capacity 53692K, committed 53968K, reserved 1095680K
  class space    used 6654K, capacity 7109K, committed 7168K, reserved 1048576K
}
Event: 5.833 GC heap after
{Heap after GC invocations=11 (full 0):
 garbage-first heap   total 147456K, used 38422K [0x0000000080000000, 0x0000000100000000)
  region size 1024K, 10 young (10240K), 10 survivors (10240K)
 Metaspace       used 52391K, capacity 53692K, committed 53968K, reserved 1095680K
  class space    used 6654K, capacity 7109K, committed 7168K, reserved 1048576K
}
Event: 6.661 GC heap before
{Heap before GC invocations=11 (full 0):
 garbage-first heap   total 147456K, used 91670K [0x0000000080000000, 0x0000000100000000)
  region size 1024K, 63 young (64512K), 10 survivors (10240K)
 Metaspace       used 58899K, capacity 60358K, committed 60496K, reserved 1101824K
  class space    used 7440K, capacity 7950K, committed 8064K, reserved 1048576K
}
Event: 6.684 GC heap after
{Heap after GC invocations=12 (full 0):
 garbage-first heap   total 147456K, used 44134K [0x0000000080000000, 0x0000000100000000)
  region size 1024K, 6 young (6144K), 6 survivors (6144K)
 Metaspace       used 58899K, capacity 60358K, committed 60496K, reserved 1101824K
  class space    used 7440K, capacity 7950K, committed 8064K, reserved 1048576K
}
Event: 7.495 GC heap before
{Heap before GC invocations=13 (full 0):
 garbage-first heap   total 147456K, used 103526K [0x0000000080000000, 0x0000000100000000)
  region size 1024K, 64 young (65536K), 6 survivors (6144K)
 Metaspace       used 64068K, capacity 65545K, committed 65744K, reserved 1105920K
  class space    used 8311K, capacity 8839K, committed 8960K, reserved 1048576K
}
Event: 7.505 GC heap after
{Heap after GC invocations=14 (full 0):
 garbage-first heap   total 177152K, used 47714K [0x0000000080000000, 0x0000000100000000)
  region size 1024K, 5 young (5120K), 5 survivors (5120K)
 Metaspace       used 64068K, capacity 65545K, committed 65744K, reserved 1105920K
  class space    used 8311K, capacity 8839K, committed 8960K, reserved 1048576K
}
Event: 8.556 GC heap before
{Heap before GC invocations=14 (full 0):
 garbage-first heap   total 177152K, used 120418K [0x0000000080000000, 0x0000000100000000)
  region size 1024K, 76 young (77824K), 5 survivors (5120K)
 Metaspace       used 71612K, capacity 73405K, committed 73552K, reserved 1112064K
  class space    used 9377K, capacity 9985K, committed 10112K, reserved 1048576K
}
Event: 8.565 GC heap after
{Heap after GC invocations=15 (full 0):
 garbage-first heap   total 177152K, used 52020K [0x0000000080000000, 0x0000000100000000)
  region size 1024K, 9 young (9216K), 9 survivors (9216K)
 Metaspace       used 71612K, capacity 73405K, committed 73552K, reserved 1112064K
  class space    used 9377K, capacity 9985K, committed 10112K, reserved 1048576K
}
Event: 9.663 GC heap before
{Heap before GC invocations=15 (full 0):
 garbage-first heap   total 177152K, used 124724K [0x0000000080000000, 0x0000000100000000)
  region size 1024K, 81 young (82944K), 9 survivors (9216K)
 Metaspace       used 76115K, capacity 78170K, committed 78288K, reserved 1116160K
  class space    used 9934K, capacity 10658K, committed 10752K, reserved 1048576K
}
Event: 9.676 GC heap after
{Heap after GC invocations=16 (full 0):
 garbage-first heap   total 177152K, used 56809K [0x0000000080000000, 0x0000000100000000)
  region size 1024K, 10 young (10240K), 10 survivors (10240K)
 Metaspace       used 76115K, capacity 78170K, committed 78288K, reserved 1116160K
  class space    used 9934K, capacity 10658K, committed 10752K, reserved 1048576K
}

