# JRE version: OpenJDK Runtime Environment (11.0.8+10) (build 11.0.8+10-b944.6842174)
# Java VM: OpenJDK 64-Bit Server VM (11.0.8+10-b944.6842174, mixed mode, tiered, compressed oops, g1 gc, windows-amd64)
Heap:
 garbage-first heap   total 177152K, used 107036K [0x0000000080000000, 0x0000000100000000)
  region size 1024K, 29 young (29696K), 10 survivors (10240K)
 Metaspace       used 80023K, capacity 82151K, committed 82388K, reserved 1120256K
  class space    used 10283K, capacity 11031K, committed 11084K, reserved 1048576K
GC Heap History (20 events):
Event: 3.134 GC heap before
{Heap before GC invocations=6 (full 0):
 garbage-first heap   total 122880K, used 28327K [0x0000000080000000, 0x0000000100000000)
  region size 1024K, 14 young (14336K), 6 survivors (6144K)
 Metaspace       used 35153K, capacity 35873K, committed 36048K, reserved 1081344K
  class space    used 4564K, capacity 4856K, committed 4864K, reserved 1048576K
}
Event: 3.141 GC heap after
{Heap after GC invocations=7 (full 0):
 garbage-first heap   total 122880K, used 21899K [0x0000000080000000, 0x0000000100000000)
  region size 1024K, 4 young (4096K), 4 survivors (4096K)
 Metaspace       used 35153K, capacity 35873K, committed 36048K, reserved 1081344K
  class space    used 4564K, capacity 4856K, committed 4864K, reserved 1048576K
}
Event: 3.638 GC heap before
{Heap before GC invocations=8 (full 0):
 garbage-first heap   total 122880K, used 79243K [0x0000000080000000, 0x0000000100000000)
  region size 1024K, 57 young (58368K), 4 survivors (4096K)
 Metaspace       used 40549K, capacity 41446K, committed 41552K, reserved 1085440K
  class space    used 5166K, capacity 5469K, committed 5504K, reserved 1048576K
}
Event: 3.646 GC heap after
{Heap after GC invocations=9 (full 0):
 garbage-first heap   total 147456K, used 24598K [0x0000000080000000, 0x0000000100000000)
  region size 1024K, 7 young (7168K), 7 survivors (7168K)
 Metaspace       used 40549K, capacity 41446K, committed 41552K, reserved 1085440K
  class space    used 5166K, capacity 5469K, committed 5504K, reserved 1048576K
}
Event: 4.382 GC heap before
{Heap before GC invocations=9 (full 0):
 garbage-first heap   total 147456K, used 92182K [0x0000000080000000, 0x0000000100000000)
  region size 1024K, 73 young (74752K), 7 survivors (7168K)
 Metaspace       used 44576K, capacity 45669K, committed 45776K, reserved 1089536K
  class space    used 5693K, capacity 6090K, committed 6144K, reserved 1048576K
}
Event: 4.389 GC heap after
{Heap after GC invocations=10 (full 0):
 garbage-first heap   total 147456K, used 27629K [0x0000000080000000, 0x0000000100000000)
  region size 1024K, 7 young (7168K), 7 survivors (7168K)
 Metaspace       used 44576K, capacity 45669K, committed 45776K, reserved 1089536K
  class space    used 5693K, capacity 6090K, committed 6144K, reserved 1048576K
}
Event: 5.080 GC heap before
{Heap before GC invocations=10 (full 0):
 garbage-first heap   total 147456K, used 99309K [0x0000000080000000, 0x0000000100000000)
  region size 1024K, 75 young (76800K), 7 survivors (7168K)
 Metaspace       used 52734K, capacity 54129K, committed 54224K, reserved 1095680K
  class space    used 6687K, capacity 7148K, committed 7168K, reserved 1048576K
}
Event: 5.089 GC heap after
{Heap after GC invocations=11 (full 0):
 garbage-first heap   total 147456K, used 38262K [0x0000000080000000, 0x0000000100000000)
  region size 1024K, 10 young (10240K), 10 survivors (10240K)
 Metaspace       used 52734K, capacity 54129K, committed 54224K, reserved 1095680K
  class space    used 6687K, capacity 7148K, committed 7168K, reserved 1048576K
}
Event: 5.765 GC heap before
{Heap before GC invocations=11 (full 0):
 garbage-first heap   total 147456K, used 89462K [0x0000000080000000, 0x0000000100000000)
  region size 1024K, 60 young (61440K), 10 survivors (10240K)
 Metaspace       used 58766K, capacity 60208K, committed 60296K, reserved 1101824K
  class space    used 7436K, capacity 7921K, committed 7936K, reserved 1048576K
}
Event: 5.787 GC heap after
{Heap after GC invocations=12 (full 0):
 garbage-first heap   total 147456K, used 43927K [0x0000000080000000, 0x0000000100000000)
  region size 1024K, 6 young (6144K), 6 survivors (6144K)
 Metaspace       used 58766K, capacity 60208K, committed 60296K, reserved 1101824K
  class space    used 7436K, capacity 7921K, committed 7936K, reserved 1048576K
}
Event: 6.496 GC heap before
{Heap before GC invocations=13 (full 0):
 garbage-first heap   total 147456K, used 103319K [0x0000000080000000, 0x0000000100000000)
  region size 1024K, 64 young (65536K), 6 survivors (6144K)
 Metaspace       used 64003K, capacity 65553K, committed 65876K, reserved 1105920K
  class space    used 8306K, capacity 8842K, committed 8908K, reserved 1048576K
}
Event: 6.503 GC heap after
{Heap after GC invocations=14 (full 0):
 garbage-first heap   total 177152K, used 47942K [0x0000000080000000, 0x0000000100000000)
  region size 1024K, 5 young (5120K), 5 survivors (5120K)
 Metaspace       used 64003K, capacity 65553K, committed 65876K, reserved 1105920K
  class space    used 8306K, capacity 8842K, committed 8908K, reserved 1048576K
}
Event: 7.419 GC heap before
{Heap before GC invocations=14 (full 0):
 garbage-first heap   total 177152K, used 119622K [0x0000000080000000, 0x0000000100000000)
  region size 1024K, 75 young (76800K), 5 survivors (5120K)
 Metaspace       used 71503K, capacity 73221K, committed 73428K, reserved 1112064K
  class space    used 9365K, capacity 9988K, committed 10060K, reserved 1048576K
}
Event: 7.427 GC heap after
{Heap after GC invocations=15 (full 0):
 garbage-first heap   total 177152K, used 51946K [0x0000000080000000, 0x0000000100000000)
  region size 1024K, 9 young (9216K), 9 survivors (9216K)
 Metaspace       used 71503K, capacity 73221K, committed 73428K, reserved 1112064K
  class space    used 9365K, capacity 9988K, committed 10060K, reserved 1048576K
}
Event: 8.310 GC heap before
{Heap before GC invocations=15 (full 0):
 garbage-first heap   total 177152K, used 123626K [0x0000000080000000, 0x0000000100000000)
  region size 1024K, 80 young (81920K), 9 survivors (9216K)
 Metaspace       used 76035K, capacity 78054K, committed 78164K, reserved 1116160K
  class space    used 9914K, capacity 10618K, committed 10700K, reserved 1048576K
}
Event: 8.321 GC heap after
{Heap after GC invocations=16 (full 0):
 garbage-first heap   total 177152K, used 56528K [0x0000000080000000, 0x0000000100000000)
  region size 1024K, 9 young (9216K), 9 survivors (9216K)
 Metaspace       used 76035K, capacity 78054K, committed 78164K, reserved 1116160K
  class space    used 9914K, capacity 10618K, committed 10700K, reserved 1048576K
}
Event: 9.454 GC heap before
{Heap before GC invocations=16 (full 0):
 garbage-first heap   total 177152K, used 128208K [0x0000000080000000, 0x0000000100000000)
  region size 1024K, 80 young (81920K), 9 survivors (9216K)
 Metaspace       used 77621K, capacity 79691K, committed 79828K, reserved 1118208K
  class space    used 10057K, capacity 10788K, committed 10828K, reserved 1048576K
}
Event: 9.468 GC heap after
{Heap after GC invocations=17 (full 0):
 garbage-first heap   total 177152K, used 62725K [0x0000000080000000, 0x0000000100000000)
  region size 1024K, 10 young (10240K), 10 survivors (10240K)
 Metaspace       used 77621K, capacity 79691K, committed 79828K, reserved 1118208K
  class space    used 10057K, capacity 10788K, committed 10828K, reserved 1048576K
}
Event: 10.874 GC heap before
{Heap before GC invocations=17 (full 0):
 garbage-first heap   total 177152K, used 134405K [0x0000000080000000, 0x0000000100000000)
  region size 1024K, 78 young (79872K), 10 survivors (10240K)
 Metaspace       used 78009K, capacity 80121K, committed 80468K, reserved 1118208K
  class space    used 10081K, capacity 10825K, committed 10956K, reserved 1048576K
}
Event: 10.895 GC heap after
{Heap after GC invocations=18 (full 0):
 garbage-first heap   total 177152K, used 79388K [0x0000000080000000, 0x0000000100000000)
  region size 1024K, 10 young (10240K), 10 survivors (10240K)
 Metaspace       used 78009K, capacity 80121K, committed 80468K, reserved 1118208K
  class space    used 10081K, capacity 10825K, committed 10956K, reserved 1048576K
}

