# JRE version: OpenJDK Runtime Environment (11.0.8+10) (build 11.0.8+10-b944.6842174)
# Java VM: OpenJDK 64-Bit Server VM (11.0.8+10-b944.6842174, mixed mode, tiered, compressed oops, g1 gc, windows-amd64)
Heap:
 garbage-first heap   total 177152K, used 76533K [0x0000000080000000, 0x0000000100000000)
  region size 1024K, 30 young (30720K), 9 survivors (9216K)
 Metaspace       used 77044K, capacity 79054K, committed 79312K, reserved 1118208K
  class space    used 10018K, capacity 10711K, committed 10752K, reserved 1048576K
GC Heap History (20 events):
Event: 2.496 GC heap before
{Heap before GC invocations=4 (full 0):
 garbage-first heap   total 122880K, used 60281K [0x0000000080000000, 0x0000000100000000)
  region size 1024K, 44 young (45056K), 1 survivors (1024K)
 Metaspace       used 25664K, capacity 26341K, committed 26368K, reserved 1073152K
  class space    used 3330K, capacity 3570K, committed 3584K, reserved 1048576K
}
Event: 2.498 GC heap after
{Heap after GC invocations=5 (full 0):
 garbage-first heap   total 122880K, used 17872K [0x0000000080000000, 0x0000000100000000)
  region size 1024K, 3 young (3072K), 3 survivors (3072K)
 Metaspace       used 25664K, capacity 26341K, committed 26368K, reserved 1073152K
  class space    used 3330K, capacity 3570K, committed 3584K, reserved 1048576K
}
Event: 3.134 GC heap before
{Heap before GC invocations=5 (full 0):
 garbage-first heap   total 122880K, used 66000K [0x0000000080000000, 0x0000000100000000)
  region size 1024K, 51 young (52224K), 3 survivors (3072K)
 Metaspace       used 33593K, capacity 34277K, committed 34304K, reserved 1079296K
  class space    used 4340K, capacity 4600K, committed 4608K, reserved 1048576K
}
Event: 3.140 GC heap after
{Heap after GC invocations=6 (full 0):
 garbage-first heap   total 122880K, used 20778K [0x0000000080000000, 0x0000000100000000)
  region size 1024K, 6 young (6144K), 6 survivors (6144K)
 Metaspace       used 33593K, capacity 34277K, committed 34304K, reserved 1079296K
  class space    used 4340K, capacity 4600K, committed 4608K, reserved 1048576K
}
Event: 3.287 GC heap before
{Heap before GC invocations=6 (full 0):
 garbage-first heap   total 122880K, used 31018K [0x0000000080000000, 0x0000000100000000)
  region size 1024K, 17 young (17408K), 6 survivors (6144K)
 Metaspace       used 35260K, capacity 36009K, committed 36048K, reserved 1081344K
  class space    used 4575K, capacity 4858K, committed 4864K, reserved 1048576K
}
Event: 3.296 GC heap after
{Heap after GC invocations=7 (full 0):
 garbage-first heap   total 147456K, used 21798K [0x0000000080000000, 0x0000000100000000)
  region size 1024K, 4 young (4096K), 4 survivors (4096K)
 Metaspace       used 35260K, capacity 36009K, committed 36048K, reserved 1081344K
  class space    used 4575K, capacity 4858K, committed 4864K, reserved 1048576K
}
Event: 3.988 GC heap before
{Heap before GC invocations=8 (full 0):
 garbage-first heap   total 147456K, used 92454K [0x0000000080000000, 0x0000000100000000)
  region size 1024K, 70 young (71680K), 4 survivors (4096K)
 Metaspace       used 41814K, capacity 42703K, committed 42832K, reserved 1087488K
  class space    used 5358K, capacity 5676K, committed 5760K, reserved 1048576K
}
Event: 3.995 GC heap after
{Heap after GC invocations=9 (full 0):
 garbage-first heap   total 147456K, used 24788K [0x0000000080000000, 0x0000000100000000)
  region size 1024K, 7 young (7168K), 7 survivors (7168K)
 Metaspace       used 41814K, capacity 42703K, committed 42832K, reserved 1087488K
  class space    used 5358K, capacity 5676K, committed 5760K, reserved 1048576K
}
Event: 4.744 GC heap before
{Heap before GC invocations=9 (full 0):
 garbage-first heap   total 147456K, used 96468K [0x0000000080000000, 0x0000000100000000)
  region size 1024K, 75 young (76800K), 7 survivors (7168K)
 Metaspace       used 45191K, capacity 46333K, committed 46672K, reserved 1089536K
  class space    used 5780K, capacity 6174K, committed 6272K, reserved 1048576K
}
Event: 4.758 GC heap after
{Heap after GC invocations=10 (full 0):
 garbage-first heap   total 147456K, used 36400K [0x0000000080000000, 0x0000000100000000)
  region size 1024K, 10 young (10240K), 10 survivors (10240K)
 Metaspace       used 45191K, capacity 46333K, committed 46672K, reserved 1089536K
  class space    used 5780K, capacity 6174K, committed 6272K, reserved 1048576K
}
Event: 5.594 GC heap before
{Heap before GC invocations=10 (full 0):
 garbage-first heap   total 147456K, used 100912K [0x0000000080000000, 0x0000000100000000)
  region size 1024K, 73 young (74752K), 10 survivors (10240K)
 Metaspace       used 54828K, capacity 56252K, committed 56400K, reserved 1097728K
  class space    used 6966K, capacity 7425K, committed 7552K, reserved 1048576K
}
Event: 5.606 GC heap after
{Heap after GC invocations=11 (full 0):
 garbage-first heap   total 147456K, used 39782K [0x0000000080000000, 0x0000000100000000)
  region size 1024K, 3 young (3072K), 3 survivors (3072K)
 Metaspace       used 54828K, capacity 56252K, committed 56400K, reserved 1097728K
  class space    used 6966K, capacity 7425K, committed 7552K, reserved 1048576K
}
Event: 6.119 GC heap before
{Heap before GC invocations=11 (full 0):
 garbage-first heap   total 147456K, used 78694K [0x0000000080000000, 0x0000000100000000)
  region size 1024K, 42 young (43008K), 3 survivors (3072K)
 Metaspace       used 58889K, capacity 60347K, committed 60496K, reserved 1101824K
  class space    used 7441K, capacity 7946K, committed 8064K, reserved 1048576K
}
Event: 6.134 GC heap after
{Heap after GC invocations=12 (full 0):
 garbage-first heap   total 177152K, used 43419K [0x0000000080000000, 0x0000000100000000)
  region size 1024K, 7 young (7168K), 7 survivors (7168K)
 Metaspace       used 58889K, capacity 60347K, committed 60496K, reserved 1101824K
  class space    used 7441K, capacity 7946K, committed 8064K, reserved 1048576K
}
Event: 7.126 GC heap before
{Heap before GC invocations=13 (full 0):
 garbage-first heap   total 177152K, used 114075K [0x0000000080000000, 0x0000000100000000)
  region size 1024K, 76 young (77824K), 7 survivors (7168K)
 Metaspace       used 64929K, capacity 66500K, committed 66640K, reserved 1107968K
  class space    used 8407K, capacity 8963K, committed 9088K, reserved 1048576K
}
Event: 7.136 GC heap after
{Heap after GC invocations=14 (full 0):
 garbage-first heap   total 177152K, used 48144K [0x0000000080000000, 0x0000000100000000)
  region size 1024K, 9 young (9216K), 9 survivors (9216K)
 Metaspace       used 64929K, capacity 66500K, committed 66640K, reserved 1107968K
  class space    used 8407K, capacity 8963K, committed 9088K, reserved 1048576K
}
Event: 8.140 GC heap before
{Heap before GC invocations=14 (full 0):
 garbage-first heap   total 177152K, used 118800K [0x0000000080000000, 0x0000000100000000)
  region size 1024K, 78 young (79872K), 9 survivors (9216K)
 Metaspace       used 72467K, capacity 74150K, committed 74320K, reserved 1114112K
  class space    used 9456K, capacity 10037K, committed 10112K, reserved 1048576K
}
Event: 8.151 GC heap after
{Heap after GC invocations=15 (full 0):
 garbage-first heap   total 177152K, used 52520K [0x0000000080000000, 0x0000000100000000)
  region size 1024K, 10 young (10240K), 10 survivors (10240K)
 Metaspace       used 72467K, capacity 74150K, committed 74320K, reserved 1114112K
  class space    used 9456K, capacity 10037K, committed 10112K, reserved 1048576K
}
Event: 9.191 GC heap before
{Heap before GC invocations=15 (full 0):
 garbage-first heap   total 177152K, used 123176K [0x0000000080000000, 0x0000000100000000)
  region size 1024K, 80 young (81920K), 10 survivors (10240K)
 Metaspace       used 76051K, capacity 77985K, committed 78160K, reserved 1116160K
  class space    used 9891K, capacity 10573K, committed 10624K, reserved 1048576K
}
Event: 9.210 GC heap after
{Heap after GC invocations=16 (full 0):
 garbage-first heap   total 177152K, used 57077K [0x0000000080000000, 0x0000000100000000)
  region size 1024K, 9 young (9216K), 9 survivors (9216K)
 Metaspace       used 76051K, capacity 77985K, committed 78160K, reserved 1116160K
  class space    used 9891K, capacity 10573K, committed 10624K, reserved 1048576K
}

