# JRE version: OpenJDK Runtime Environment (11.0.8+10) (build 11.0.8+10-b944.6842174)
# Java VM: OpenJDK 64-Bit Server VM (11.0.8+10-b944.6842174, mixed mode, tiered, compressed oops, g1 gc, windows-amd64)
Heap:
 garbage-first heap   total 177152K, used 136240K [0x0000000080000000, 0x0000000100000000)
  region size 1024K, 72 young (73728K), 10 survivors (10240K)
 Metaspace       used 78497K, capacity 80370K, committed 80720K, reserved 1120256K
  class space    used 10112K, capacity 10784K, committed 10880K, reserved 1048576K
GC Heap History (20 events):
Event: 2.768 GC heap before
{Heap before GC invocations=4 (full 0):
 garbage-first heap   total 122880K, used 60486K [0x0000000080000000, 0x0000000100000000)
  region size 1024K, 44 young (45056K), 1 survivors (1024K)
 Metaspace       used 25665K, capacity 26341K, committed 26368K, reserved 1073152K
  class space    used 3329K, capacity 3570K, committed 3584K, reserved 1048576K
}
Event: 2.774 GC heap after
{Heap after GC invocations=5 (full 0):
 garbage-first heap   total 122880K, used 18080K [0x0000000080000000, 0x0000000100000000)
  region size 1024K, 3 young (3072K), 3 survivors (3072K)
 Metaspace       used 25665K, capacity 26341K, committed 26368K, reserved 1073152K
  class space    used 3329K, capacity 3570K, committed 3584K, reserved 1048576K
}
Event: 4.045 GC heap before
{Heap before GC invocations=5 (full 0):
 garbage-first heap   total 122880K, used 66208K [0x0000000080000000, 0x0000000100000000)
  region size 1024K, 51 young (52224K), 3 survivors (3072K)
 Metaspace       used 33811K, capacity 34473K, committed 34560K, reserved 1079296K
  class space    used 4361K, capacity 4601K, committed 4608K, reserved 1048576K
}
Event: 4.052 GC heap after
{Heap after GC invocations=6 (full 0):
 garbage-first heap   total 147456K, used 21047K [0x0000000080000000, 0x0000000100000000)
  region size 1024K, 6 young (6144K), 6 survivors (6144K)
 Metaspace       used 33811K, capacity 34473K, committed 34560K, reserved 1079296K
  class space    used 4361K, capacity 4601K, committed 4608K, reserved 1048576K
}
Event: 4.258 GC heap before
{Heap before GC invocations=6 (full 0):
 garbage-first heap   total 147456K, used 30263K [0x0000000080000000, 0x0000000100000000)
  region size 1024K, 17 young (17408K), 6 survivors (6144K)
 Metaspace       used 35273K, capacity 36009K, committed 36048K, reserved 1081344K
  class space    used 4574K, capacity 4858K, committed 4864K, reserved 1048576K
}
Event: 4.269 GC heap after
{Heap after GC invocations=7 (full 0):
 garbage-first heap   total 147456K, used 22050K [0x0000000080000000, 0x0000000100000000)
  region size 1024K, 4 young (4096K), 4 survivors (4096K)
 Metaspace       used 35273K, capacity 36009K, committed 36048K, reserved 1081344K
  class space    used 4574K, capacity 4858K, committed 4864K, reserved 1048576K
}
Event: 5.083 GC heap before
{Heap before GC invocations=8 (full 0):
 garbage-first heap   total 147456K, used 91682K [0x0000000080000000, 0x0000000100000000)
  region size 1024K, 69 young (70656K), 4 survivors (4096K)
 Metaspace       used 41730K, capacity 42635K, committed 42832K, reserved 1087488K
  class space    used 5344K, capacity 5675K, committed 5760K, reserved 1048576K
}
Event: 5.093 GC heap after
{Heap after GC invocations=9 (full 0):
 garbage-first heap   total 147456K, used 24963K [0x0000000080000000, 0x0000000100000000)
  region size 1024K, 7 young (7168K), 7 survivors (7168K)
 Metaspace       used 41730K, capacity 42635K, committed 42832K, reserved 1087488K
  class space    used 5344K, capacity 5675K, committed 5760K, reserved 1048576K
}
Event: 9.955 GC heap before
{Heap before GC invocations=9 (full 0):
 garbage-first heap   total 147456K, used 95619K [0x0000000080000000, 0x0000000100000000)
  region size 1024K, 74 young (75776K), 7 survivors (7168K)
 Metaspace       used 45056K, capacity 46221K, committed 46416K, reserved 1089536K
  class space    used 5756K, capacity 6165K, committed 6272K, reserved 1048576K
}
Event: 9.966 GC heap after
{Heap after GC invocations=10 (full 0):
 garbage-first heap   total 147456K, used 36485K [0x0000000080000000, 0x0000000100000000)
  region size 1024K, 10 young (10240K), 10 survivors (10240K)
 Metaspace       used 45056K, capacity 46221K, committed 46416K, reserved 1089536K
  class space    used 5756K, capacity 6165K, committed 6272K, reserved 1048576K
}
Event: 10.917 GC heap before
{Heap before GC invocations=10 (full 0):
 garbage-first heap   total 147456K, used 99973K [0x0000000080000000, 0x0000000100000000)
  region size 1024K, 72 young (73728K), 10 survivors (10240K)
 Metaspace       used 53855K, capacity 55174K, committed 55504K, reserved 1097728K
  class space    used 6847K, capacity 7300K, committed 7424K, reserved 1048576K
}
Event: 10.931 GC heap after
{Heap after GC invocations=11 (full 0):
 garbage-first heap   total 147456K, used 39572K [0x0000000080000000, 0x0000000100000000)
  region size 1024K, 4 young (4096K), 4 survivors (4096K)
 Metaspace       used 53855K, capacity 55174K, committed 55504K, reserved 1097728K
  class space    used 6847K, capacity 7300K, committed 7424K, reserved 1048576K
}
Event: 11.608 GC heap before
{Heap before GC invocations=11 (full 0):
 garbage-first heap   total 147456K, used 81556K [0x0000000080000000, 0x0000000100000000)
  region size 1024K, 46 young (47104K), 4 survivors (4096K)
 Metaspace       used 58917K, capacity 60364K, committed 60496K, reserved 1101824K
  class space    used 7449K, capacity 7952K, committed 8064K, reserved 1048576K
}
Event: 11.621 GC heap after
{Heap after GC invocations=12 (full 0):
 garbage-first heap   total 147456K, used 43546K [0x0000000080000000, 0x0000000100000000)
  region size 1024K, 7 young (7168K), 7 survivors (7168K)
 Metaspace       used 58917K, capacity 60364K, committed 60496K, reserved 1101824K
  class space    used 7449K, capacity 7952K, committed 8064K, reserved 1048576K
}
Event: 12.557 GC heap before
{Heap before GC invocations=13 (full 0):
 garbage-first heap   total 147456K, used 107034K [0x0000000080000000, 0x0000000100000000)
  region size 1024K, 69 young (70656K), 7 survivors (7168K)
 Metaspace       used 64412K, capacity 65818K, committed 66000K, reserved 1105920K
  class space    used 8337K, capacity 8824K, committed 8960K, reserved 1048576K
}
Event: 12.568 GC heap after
{Heap after GC invocations=14 (full 0):
 garbage-first heap   total 177152K, used 47210K [0x0000000080000000, 0x0000000100000000)
  region size 1024K, 9 young (9216K), 9 survivors (9216K)
 Metaspace       used 64412K, capacity 65818K, committed 66000K, reserved 1105920K
  class space    used 8337K, capacity 8824K, committed 8960K, reserved 1048576K
}
Event: 13.788 GC heap before
{Heap before GC invocations=14 (full 0):
 garbage-first heap   total 177152K, used 121962K [0x0000000080000000, 0x0000000100000000)
  region size 1024K, 82 young (83968K), 9 survivors (9216K)
 Metaspace       used 71979K, capacity 73550K, committed 73680K, reserved 1114112K
  class space    used 9414K, capacity 9967K, committed 9984K, reserved 1048576K
}
Event: 13.805 GC heap after
{Heap after GC invocations=15 (full 0):
 garbage-first heap   total 177152K, used 52334K [0x0000000080000000, 0x0000000100000000)
  region size 1024K, 10 young (10240K), 10 survivors (10240K)
 Metaspace       used 71979K, capacity 73550K, committed 73680K, reserved 1114112K
  class space    used 9414K, capacity 9967K, committed 9984K, reserved 1048576K
}
Event: 15.700 GC heap before
{Heap before GC invocations=15 (full 0):
 garbage-first heap   total 177152K, used 128110K [0x0000000080000000, 0x0000000100000000)
  region size 1024K, 85 young (87040K), 10 survivors (10240K)
 Metaspace       used 75927K, capacity 77814K, committed 78032K, reserved 1116160K
  class space    used 9844K, capacity 10478K, committed 10496K, reserved 1048576K
}
Event: 15.715 GC heap after
{Heap after GC invocations=16 (full 0):
 garbage-first heap   total 177152K, used 57392K [0x0000000080000000, 0x0000000100000000)
  region size 1024K, 10 young (10240K), 10 survivors (10240K)
 Metaspace       used 75927K, capacity 77814K, committed 78032K, reserved 1116160K
  class space    used 9844K, capacity 10478K, committed 10496K, reserved 1048576K
}

