# JRE version: OpenJDK Runtime Environment (11.0.8+10) (build 11.0.8+10-b944.6842174)
# Java VM: OpenJDK 64-Bit Server VM (11.0.8+10-b944.6842174, mixed mode, tiered, compressed oops, g1 gc, windows-amd64)
Heap:
 garbage-first heap   total 212992K, used 57709K [0x0000000080000000, 0x0000000100000000)
  region size 1024K, 10 young (10240K), 10 survivors (10240K)
 Metaspace       used 76171K, capacity 78216K, committed 78416K, reserved 1118208K
  class space    used 9903K, capacity 10605K, committed 10624K, reserved 1048576K
GC Heap History (20 events):
Event: 1.784 GC heap after
{Heap after GC invocations=3 (full 0):
 garbage-first heap   total 122880K, used 16328K [0x0000000080000000, 0x0000000100000000)
  region size 1024K, 1 young (1024K), 1 survivors (1024K)
 Metaspace       used 20663K, capacity 21191K, committed 21296K, reserved 1069056K
  class space    used 2518K, capacity 2680K, committed 2688K, reserved 1048576K
}
Event: 2.197 GC heap before
{Heap before GC invocations=4 (full 0):
 garbage-first heap   total 122880K, used 60360K [0x0000000080000000, 0x0000000100000000)
  region size 1024K, 44 young (45056K), 1 survivors (1024K)
 Metaspace       used 25679K, capacity 26341K, committed 26368K, reserved 1073152K
  class space    used 3332K, capacity 3570K, committed 3584K, reserved 1048576K
}
Event: 2.202 GC heap after
{Heap after GC invocations=5 (full 0):
 garbage-first heap   total 122880K, used 17871K [0x0000000080000000, 0x0000000100000000)
  region size 1024K, 3 young (3072K), 3 survivors (3072K)
 Metaspace       used 25679K, capacity 26341K, committed 26368K, reserved 1073152K
  class space    used 3332K, capacity 3570K, committed 3584K, reserved 1048576K
}
Event: 2.805 GC heap before
{Heap before GC invocations=5 (full 0):
 garbage-first heap   total 122880K, used 65999K [0x0000000080000000, 0x0000000100000000)
  region size 1024K, 51 young (52224K), 3 survivors (3072K)
 Metaspace       used 33735K, capacity 34409K, committed 34560K, reserved 1079296K
  class space    used 4352K, capacity 4601K, committed 4608K, reserved 1048576K
}
Event: 2.811 GC heap after
{Heap after GC invocations=6 (full 0):
 garbage-first heap   total 147456K, used 20799K [0x0000000080000000, 0x0000000100000000)
  region size 1024K, 6 young (6144K), 6 survivors (6144K)
 Metaspace       used 33735K, capacity 34409K, committed 34560K, reserved 1079296K
  class space    used 4352K, capacity 4601K, committed 4608K, reserved 1048576K
}
Event: 2.946 GC heap before
{Heap before GC invocations=6 (full 0):
 garbage-first heap   total 147456K, used 31039K [0x0000000080000000, 0x0000000100000000)
  region size 1024K, 17 young (17408K), 6 survivors (6144K)
 Metaspace       used 35254K, capacity 35977K, committed 36048K, reserved 1081344K
  class space    used 4567K, capacity 4826K, committed 4864K, reserved 1048576K
}
Event: 2.955 GC heap after
{Heap after GC invocations=7 (full 0):
 garbage-first heap   total 147456K, used 21827K [0x0000000080000000, 0x0000000100000000)
  region size 1024K, 4 young (4096K), 4 survivors (4096K)
 Metaspace       used 35254K, capacity 35977K, committed 36048K, reserved 1081344K
  class space    used 4567K, capacity 4826K, committed 4864K, reserved 1048576K
}
Event: 3.622 GC heap before
{Heap before GC invocations=8 (full 0):
 garbage-first heap   total 147456K, used 91459K [0x0000000080000000, 0x0000000100000000)
  region size 1024K, 69 young (70656K), 4 survivors (4096K)
 Metaspace       used 41715K, capacity 42635K, committed 42832K, reserved 1087488K
  class space    used 5336K, capacity 5675K, committed 5760K, reserved 1048576K
}
Event: 3.629 GC heap after
{Heap after GC invocations=9 (full 0):
 garbage-first heap   total 147456K, used 24783K [0x0000000080000000, 0x0000000100000000)
  region size 1024K, 7 young (7168K), 7 survivors (7168K)
 Metaspace       used 41715K, capacity 42635K, committed 42832K, reserved 1087488K
  class space    used 5336K, capacity 5675K, committed 5760K, reserved 1048576K
}
Event: 4.230 GC heap before
{Heap before GC invocations=9 (full 0):
 garbage-first heap   total 147456K, used 95439K [0x0000000080000000, 0x0000000100000000)
  region size 1024K, 74 young (75776K), 7 survivors (7168K)
 Metaspace       used 45027K, capacity 46135K, committed 46288K, reserved 1089536K
  class space    used 5742K, capacity 6116K, committed 6144K, reserved 1048576K
}
Event: 4.241 GC heap after
{Heap after GC invocations=10 (full 0):
 garbage-first heap   total 147456K, used 36161K [0x0000000080000000, 0x0000000100000000)
  region size 1024K, 10 young (10240K), 10 survivors (10240K)
 Metaspace       used 45027K, capacity 46135K, committed 46288K, reserved 1089536K
  class space    used 5742K, capacity 6116K, committed 6144K, reserved 1048576K
}
Event: 4.961 GC heap before
{Heap before GC invocations=10 (full 0):
 garbage-first heap   total 147456K, used 99649K [0x0000000080000000, 0x0000000100000000)
  region size 1024K, 72 young (73728K), 10 survivors (10240K)
 Metaspace       used 53863K, capacity 55191K, committed 55376K, reserved 1097728K
  class space    used 6838K, capacity 7285K, committed 7296K, reserved 1048576K
}
Event: 4.974 GC heap after
{Heap after GC invocations=11 (full 0):
 garbage-first heap   total 177152K, used 39259K [0x0000000080000000, 0x0000000100000000)
  region size 1024K, 3 young (3072K), 3 survivors (3072K)
 Metaspace       used 53863K, capacity 55191K, committed 55376K, reserved 1097728K
  class space    used 6838K, capacity 7285K, committed 7296K, reserved 1048576K
}
Event: 5.597 GC heap before
{Heap before GC invocations=11 (full 0):
 garbage-first heap   total 177152K, used 82267K [0x0000000080000000, 0x0000000100000000)
  region size 1024K, 45 young (46080K), 3 survivors (3072K)
 Metaspace       used 58997K, capacity 60442K, committed 60508K, reserved 1101824K
  class space    used 7439K, capacity 7935K, committed 7936K, reserved 1048576K
}
Event: 5.607 GC heap after
{Heap after GC invocations=12 (full 0):
 garbage-first heap   total 177152K, used 43347K [0x0000000080000000, 0x0000000100000000)
  region size 1024K, 7 young (7168K), 7 survivors (7168K)
 Metaspace       used 58997K, capacity 60442K, committed 60508K, reserved 1101824K
  class space    used 7439K, capacity 7935K, committed 7936K, reserved 1048576K
}
Event: 6.345 GC heap before
{Heap before GC invocations=13 (full 0):
 garbage-first heap   total 177152K, used 116051K [0x0000000080000000, 0x0000000100000000)
  region size 1024K, 78 young (79872K), 7 survivors (7168K)
 Metaspace       used 65256K, capacity 66829K, committed 67152K, reserved 1107968K
  class space    used 8453K, capacity 9007K, committed 9088K, reserved 1048576K
}
Event: 6.355 GC heap after
{Heap after GC invocations=14 (full 0):
 garbage-first heap   total 177152K, used 48001K [0x0000000080000000, 0x0000000100000000)
  region size 1024K, 10 young (10240K), 10 survivors (10240K)
 Metaspace       used 65256K, capacity 66829K, committed 67152K, reserved 1107968K
  class space    used 8453K, capacity 9007K, committed 9088K, reserved 1048576K
}
Event: 7.305 GC heap before
{Heap before GC invocations=14 (full 0):
 garbage-first heap   total 177152K, used 119681K [0x0000000080000000, 0x0000000100000000)
  region size 1024K, 81 young (82944K), 10 survivors (10240K)
 Metaspace       used 73283K, capacity 74940K, committed 75088K, reserved 1114112K
  class space    used 9519K, capacity 10085K, committed 10112K, reserved 1048576K
}
Event: 7.316 GC heap after
{Heap after GC invocations=15 (full 0):
 garbage-first heap   total 177152K, used 52455K [0x0000000080000000, 0x0000000100000000)
  region size 1024K, 10 young (10240K), 10 survivors (10240K)
 Metaspace       used 73283K, capacity 74940K, committed 75088K, reserved 1114112K
  class space    used 9519K, capacity 10085K, committed 10112K, reserved 1048576K
}
Event: 8.171 GC heap before
{Heap before GC invocations=15 (full 0):
 garbage-first heap   total 177152K, used 125159K [0x0000000080000000, 0x0000000100000000)
  region size 1024K, 82 young (83968K), 10 survivors (10240K)
 Metaspace       used 76171K, capacity 78216K, committed 78416K, reserved 1118208K
  class space    used 9903K, capacity 10605K, committed 10624K, reserved 1048576K
}

