# JRE version: OpenJDK Runtime Environment (11.0.8+10) (build 11.0.8+10-b944.6842174)
# Java VM: OpenJDK 64-Bit Server VM (11.0.8+10-b944.6842174, mixed mode, tiered, compressed oops, g1 gc, windows-amd64)
Heap:
 garbage-first heap   total 177152K, used 43737K [0x0000000080000000, 0x0000000100000000)
  region size 1024K, 7 young (7168K), 7 survivors (7168K)
 Metaspace       used 58913K, capacity 60368K, committed 60496K, reserved 1101824K
  class space    used 7444K, capacity 7952K, committed 8064K, reserved 1048576K
GC Heap History (19 events):
Event: 0.546 GC heap before
{Heap before GC invocations=0 (full 0):
 garbage-first heap   total 122880K, used 29696K [0x0000000080000000, 0x0000000100000000)
  region size 1024K, 24 young (24576K), 0 survivors (0K)
 Metaspace       used 10500K, capacity 10783K, committed 11008K, reserved 1058816K
  class space    used 1097K, capacity 1193K, committed 1280K, reserved 1048576K
}
Event: 0.552 GC heap after
{Heap after GC invocations=1 (full 0):
 garbage-first heap   total 122880K, used 8473K [0x0000000080000000, 0x0000000100000000)
  region size 1024K, 3 young (3072K), 3 survivors (3072K)
 Metaspace       used 10500K, capacity 10783K, committed 11008K, reserved 1058816K
  class space    used 1097K, capacity 1193K, committed 1280K, reserved 1048576K
}
Event: 1.694 GC heap before
{Heap before GC invocations=1 (full 0):
 garbage-first heap   total 122880K, used 78105K [0x0000000080000000, 0x0000000100000000)
  region size 1024K, 72 young (73728K), 3 survivors (3072K)
 Metaspace       used 18389K, capacity 18808K, committed 19072K, reserved 1067008K
  class space    used 2191K, capacity 2328K, committed 2432K, reserved 1048576K
}
Event: 1.704 GC heap after
{Heap after GC invocations=2 (full 0):
 garbage-first heap   total 122880K, used 15810K [0x0000000080000000, 0x0000000100000000)
  region size 1024K, 9 young (9216K), 9 survivors (9216K)
 Metaspace       used 18389K, capacity 18808K, committed 19072K, reserved 1067008K
  class space    used 2191K, capacity 2328K, committed 2432K, reserved 1048576K
}
Event: 1.852 GC heap before
{Heap before GC invocations=2 (full 0):
 garbage-first heap   total 122880K, used 32194K [0x0000000080000000, 0x0000000100000000)
  region size 1024K, 26 young (26624K), 9 survivors (9216K)
 Metaspace       used 20649K, capacity 21191K, committed 21296K, reserved 1069056K
  class space    used 2518K, capacity 2680K, committed 2688K, reserved 1048576K
}
Event: 1.858 GC heap after
{Heap after GC invocations=3 (full 0):
 garbage-first heap   total 122880K, used 16477K [0x0000000080000000, 0x0000000100000000)
  region size 1024K, 1 young (1024K), 1 survivors (1024K)
 Metaspace       used 20649K, capacity 21191K, committed 21296K, reserved 1069056K
  class space    used 2518K, capacity 2680K, committed 2688K, reserved 1048576K
}
Event: 2.366 GC heap before
{Heap before GC invocations=4 (full 0):
 garbage-first heap   total 122880K, used 59485K [0x0000000080000000, 0x0000000100000000)
  region size 1024K, 44 young (45056K), 1 survivors (1024K)
 Metaspace       used 25663K, capacity 26341K, committed 26368K, reserved 1073152K
  class space    used 3331K, capacity 3570K, committed 3584K, reserved 1048576K
}
Event: 2.368 GC heap after
{Heap after GC invocations=5 (full 0):
 garbage-first heap   total 122880K, used 18135K [0x0000000080000000, 0x0000000100000000)
  region size 1024K, 3 young (3072K), 3 survivors (3072K)
 Metaspace       used 25663K, capacity 26341K, committed 26368K, reserved 1073152K
  class space    used 3331K, capacity 3570K, committed 3584K, reserved 1048576K
}
Event: 2.937 GC heap before
{Heap before GC invocations=5 (full 0):
 garbage-first heap   total 122880K, used 66263K [0x0000000080000000, 0x0000000100000000)
  region size 1024K, 51 young (52224K), 3 survivors (3072K)
 Metaspace       used 33749K, capacity 34409K, committed 34560K, reserved 1079296K
  class space    used 4358K, capacity 4601K, committed 4608K, reserved 1048576K
}
Event: 2.942 GC heap after
{Heap after GC invocations=6 (full 0):
 garbage-first heap   total 122880K, used 21089K [0x0000000080000000, 0x0000000100000000)
  region size 1024K, 6 young (6144K), 6 survivors (6144K)
 Metaspace       used 33749K, capacity 34409K, committed 34560K, reserved 1079296K
  class space    used 4358K, capacity 4601K, committed 4608K, reserved 1048576K
}
Event: 3.077 GC heap before
{Heap before GC invocations=6 (full 0):
 garbage-first heap   total 122880K, used 31329K [0x0000000080000000, 0x0000000100000000)
  region size 1024K, 17 young (17408K), 6 survivors (6144K)
 Metaspace       used 35260K, capacity 36009K, committed 36048K, reserved 1081344K
  class space    used 4573K, capacity 4858K, committed 4864K, reserved 1048576K
}
Event: 3.087 GC heap after
{Heap after GC invocations=7 (full 0):
 garbage-first heap   total 147456K, used 22001K [0x0000000080000000, 0x0000000100000000)
  region size 1024K, 4 young (4096K), 4 survivors (4096K)
 Metaspace       used 35260K, capacity 36009K, committed 36048K, reserved 1081344K
  class space    used 4573K, capacity 4858K, committed 4864K, reserved 1048576K
}
Event: 3.773 GC heap before
{Heap before GC invocations=8 (full 0):
 garbage-first heap   total 147456K, used 92657K [0x0000000080000000, 0x0000000100000000)
  region size 1024K, 70 young (71680K), 4 survivors (4096K)
 Metaspace       used 41788K, capacity 42703K, committed 42832K, reserved 1087488K
  class space    used 5354K, capacity 5676K, committed 5760K, reserved 1048576K
}
Event: 3.780 GC heap after
{Heap after GC invocations=9 (full 0):
 garbage-first heap   total 147456K, used 25020K [0x0000000080000000, 0x0000000100000000)
  region size 1024K, 7 young (7168K), 7 survivors (7168K)
 Metaspace       used 41788K, capacity 42703K, committed 42832K, reserved 1087488K
  class space    used 5354K, capacity 5676K, committed 5760K, reserved 1048576K
}
Event: 4.614 GC heap before
{Heap before GC invocations=9 (full 0):
 garbage-first heap   total 147456K, used 96700K [0x0000000080000000, 0x0000000100000000)
  region size 1024K, 75 young (76800K), 7 survivors (7168K)
 Metaspace       used 45183K, capacity 46322K, committed 46672K, reserved 1089536K
  class space    used 5780K, capacity 6175K, committed 6272K, reserved 1048576K
}
Event: 4.627 GC heap after
{Heap after GC invocations=10 (full 0):
 garbage-first heap   total 147456K, used 36750K [0x0000000080000000, 0x0000000100000000)
  region size 1024K, 10 young (10240K), 10 survivors (10240K)
 Metaspace       used 45183K, capacity 46322K, committed 46672K, reserved 1089536K
  class space    used 5780K, capacity 6175K, committed 6272K, reserved 1048576K
}
Event: 5.393 GC heap before
{Heap before GC invocations=10 (full 0):
 garbage-first heap   total 147456K, used 101262K [0x0000000080000000, 0x0000000100000000)
  region size 1024K, 73 young (74752K), 10 survivors (10240K)
 Metaspace       used 54718K, capacity 56026K, committed 56272K, reserved 1097728K
  class space    used 6953K, capacity 7392K, committed 7424K, reserved 1048576K
}
Event: 5.404 GC heap after
{Heap after GC invocations=11 (full 0):
 garbage-first heap   total 147456K, used 39737K [0x0000000080000000, 0x0000000100000000)
  region size 1024K, 3 young (3072K), 3 survivors (3072K)
 Metaspace       used 54718K, capacity 56026K, committed 56272K, reserved 1097728K
  class space    used 6953K, capacity 7392K, committed 7424K, reserved 1048576K
}
Event: 5.984 GC heap before
{Heap before GC invocations=11 (full 0):
 garbage-first heap   total 147456K, used 80697K [0x0000000080000000, 0x0000000100000000)
  region size 1024K, 43 young (44032K), 3 survivors (3072K)
 Metaspace       used 58913K, capacity 60368K, committed 60496K, reserved 1101824K
  class space    used 7444K, capacity 7952K, committed 8064K, reserved 1048576K
}

