# JRE version: OpenJDK Runtime Environment (11.0.8+10) (build 11.0.8+10-b944.6842174)
# Java VM: OpenJDK 64-Bit Server VM (11.0.8+10-b944.6842174, mixed mode, tiered, compressed oops, g1 gc, windows-amd64)
Heap:
 garbage-first heap   total 177152K, used 47869K [0x0000000080000000, 0x0000000100000000)
  region size 1024K, 5 young (5120K), 5 survivors (5120K)
 Metaspace       used 63866K, capacity 65305K, committed 65616K, reserved 1105920K
  class space    used 8271K, capacity 8782K, committed 8832K, reserved 1048576K
GC Heap History (20 events):
Event: 0.651 GC heap after
{Heap after GC invocations=1 (full 0):
 garbage-first heap   total 122880K, used 8389K [0x0000000080000000, 0x0000000100000000)
  region size 1024K, 3 young (3072K), 3 survivors (3072K)
 Metaspace       used 10507K, capacity 10783K, committed 11008K, reserved 1058816K
  class space    used 1097K, capacity 1193K, committed 1280K, reserved 1048576K
}
Event: 1.806 GC heap before
{Heap before GC invocations=1 (full 0):
 garbage-first heap   total 122880K, used 78021K [0x0000000080000000, 0x0000000100000000)
  region size 1024K, 72 young (73728K), 3 survivors (3072K)
 Metaspace       used 18611K, capacity 19035K, committed 19328K, reserved 1067008K
  class space    used 2218K, capacity 2361K, committed 2432K, reserved 1048576K
}
Event: 1.814 GC heap after
{Heap after GC invocations=2 (full 0):
 garbage-first heap   total 122880K, used 15390K [0x0000000080000000, 0x0000000100000000)
  region size 1024K, 9 young (9216K), 9 survivors (9216K)
 Metaspace       used 18611K, capacity 19035K, committed 19328K, reserved 1067008K
  class space    used 2218K, capacity 2361K, committed 2432K, reserved 1048576K
}
Event: 1.961 GC heap before
{Heap before GC invocations=2 (full 0):
 garbage-first heap   total 122880K, used 30750K [0x0000000080000000, 0x0000000100000000)
  region size 1024K, 25 young (25600K), 9 survivors (9216K)
 Metaspace       used 20662K, capacity 21191K, committed 21296K, reserved 1069056K
  class space    used 2517K, capacity 2680K, committed 2688K, reserved 1048576K
}
Event: 1.967 GC heap after
{Heap after GC invocations=3 (full 0):
 garbage-first heap   total 122880K, used 16626K [0x0000000080000000, 0x0000000100000000)
  region size 1024K, 1 young (1024K), 1 survivors (1024K)
 Metaspace       used 20662K, capacity 21191K, committed 21296K, reserved 1069056K
  class space    used 2517K, capacity 2680K, committed 2688K, reserved 1048576K
}
Event: 2.424 GC heap before
{Heap before GC invocations=4 (full 0):
 garbage-first heap   total 122880K, used 60658K [0x0000000080000000, 0x0000000100000000)
  region size 1024K, 44 young (45056K), 1 survivors (1024K)
 Metaspace       used 25669K, capacity 26341K, committed 26368K, reserved 1073152K
  class space    used 3330K, capacity 3570K, committed 3584K, reserved 1048576K
}
Event: 2.427 GC heap after
{Heap after GC invocations=5 (full 0):
 garbage-first heap   total 122880K, used 18123K [0x0000000080000000, 0x0000000100000000)
  region size 1024K, 3 young (3072K), 3 survivors (3072K)
 Metaspace       used 25669K, capacity 26341K, committed 26368K, reserved 1073152K
  class space    used 3330K, capacity 3570K, committed 3584K, reserved 1048576K
}
Event: 3.080 GC heap before
{Heap before GC invocations=5 (full 0):
 garbage-first heap   total 122880K, used 65227K [0x0000000080000000, 0x0000000100000000)
  region size 1024K, 50 young (51200K), 3 survivors (3072K)
 Metaspace       used 33495K, capacity 34141K, committed 34304K, reserved 1079296K
  class space    used 4322K, capacity 4553K, committed 4608K, reserved 1048576K
}
Event: 3.085 GC heap after
{Heap after GC invocations=6 (full 0):
 garbage-first heap   total 122880K, used 20935K [0x0000000080000000, 0x0000000100000000)
  region size 1024K, 6 young (6144K), 6 survivors (6144K)
 Metaspace       used 33495K, capacity 34141K, committed 34304K, reserved 1079296K
  class space    used 4322K, capacity 4553K, committed 4608K, reserved 1048576K
}
Event: 3.240 GC heap before
{Heap before GC invocations=6 (full 0):
 garbage-first heap   total 122880K, used 33223K [0x0000000080000000, 0x0000000100000000)
  region size 1024K, 19 young (19456K), 6 survivors (6144K)
 Metaspace       used 35264K, capacity 36009K, committed 36048K, reserved 1081344K
  class space    used 4575K, capacity 4858K, committed 4864K, reserved 1048576K
}
Event: 3.249 GC heap after
{Heap after GC invocations=7 (full 0):
 garbage-first heap   total 122880K, used 22025K [0x0000000080000000, 0x0000000100000000)
  region size 1024K, 4 young (4096K), 4 survivors (4096K)
 Metaspace       used 35264K, capacity 36009K, committed 36048K, reserved 1081344K
  class space    used 4575K, capacity 4858K, committed 4864K, reserved 1048576K
}
Event: 3.852 GC heap before
{Heap before GC invocations=8 (full 0):
 garbage-first heap   total 122880K, used 80393K [0x0000000080000000, 0x0000000100000000)
  region size 1024K, 58 young (59392K), 4 survivors (4096K)
 Metaspace       used 40823K, capacity 41766K, committed 41936K, reserved 1085440K
  class space    used 5205K, capacity 5533K, committed 5632K, reserved 1048576K
}
Event: 3.860 GC heap after
{Heap after GC invocations=9 (full 0):
 garbage-first heap   total 147456K, used 24852K [0x0000000080000000, 0x0000000100000000)
  region size 1024K, 7 young (7168K), 7 survivors (7168K)
 Metaspace       used 40823K, capacity 41766K, committed 41936K, reserved 1085440K
  class space    used 5205K, capacity 5533K, committed 5632K, reserved 1048576K
}
Event: 4.598 GC heap before
{Heap before GC invocations=9 (full 0):
 garbage-first heap   total 147456K, used 92436K [0x0000000080000000, 0x0000000100000000)
  region size 1024K, 73 young (74752K), 7 survivors (7168K)
 Metaspace       used 44684K, capacity 45819K, committed 46032K, reserved 1089536K
  class space    used 5701K, capacity 6095K, committed 6144K, reserved 1048576K
}
Event: 4.608 GC heap after
{Heap after GC invocations=10 (full 0):
 garbage-first heap   total 147456K, used 30559K [0x0000000080000000, 0x0000000100000000)
  region size 1024K, 9 young (9216K), 9 survivors (9216K)
 Metaspace       used 44684K, capacity 45819K, committed 46032K, reserved 1089536K
  class space    used 5701K, capacity 6095K, committed 6144K, reserved 1048576K
}
Event: 5.335 GC heap before
{Heap before GC invocations=10 (full 0):
 garbage-first heap   total 147456K, used 100191K [0x0000000080000000, 0x0000000100000000)
  region size 1024K, 75 young (76800K), 9 survivors (9216K)
 Metaspace       used 53220K, capacity 54518K, committed 54864K, reserved 1097728K
  class space    used 6739K, capacity 7189K, committed 7296K, reserved 1048576K
}
Event: 5.348 GC heap after
{Heap after GC invocations=11 (full 0):
 garbage-first heap   total 147456K, used 38497K [0x0000000080000000, 0x0000000100000000)
  region size 1024K, 10 young (10240K), 10 survivors (10240K)
 Metaspace       used 53220K, capacity 54518K, committed 54864K, reserved 1097728K
  class space    used 6739K, capacity 7189K, committed 7296K, reserved 1048576K
}
Event: 6.137 GC heap before
{Heap before GC invocations=11 (full 0):
 garbage-first heap   total 147456K, used 87649K [0x0000000080000000, 0x0000000100000000)
  region size 1024K, 58 young (59392K), 10 survivors (10240K)
 Metaspace       used 58906K, capacity 60366K, committed 60496K, reserved 1101824K
  class space    used 7444K, capacity 7952K, committed 8064K, reserved 1048576K
}
Event: 6.161 GC heap after
{Heap after GC invocations=12 (full 0):
 garbage-first heap   total 147456K, used 44444K [0x0000000080000000, 0x0000000100000000)
  region size 1024K, 6 young (6144K), 6 survivors (6144K)
 Metaspace       used 58906K, capacity 60366K, committed 60496K, reserved 1101824K
  class space    used 7444K, capacity 7952K, committed 8064K, reserved 1048576K
}
Event: 7.011 GC heap before
{Heap before GC invocations=13 (full 0):
 garbage-first heap   total 147456K, used 102812K [0x0000000080000000, 0x0000000100000000)
  region size 1024K, 63 young (64512K), 6 survivors (6144K)
 Metaspace       used 63866K, capacity 65305K, committed 65616K, reserved 1105920K
  class space    used 8271K, capacity 8782K, committed 8832K, reserved 1048576K
}

