# JRE version: OpenJDK Runtime Environment (11.0.8+10) (build 11.0.8+10-b944.6842174)
# Java VM: OpenJDK 64-Bit Server VM (11.0.8+10-b944.6842174, mixed mode, tiered, compressed oops, g1 gc, windows-amd64)
Heap:
 garbage-first heap   total 147456K, used 41822K [0x0000000080000000, 0x0000000100000000)
  region size 1024K, 6 young (6144K), 3 survivors (3072K)
 Metaspace       used 55194K, capacity 56601K, committed 56656K, reserved 1097728K
  class space    used 7020K, capacity 7498K, committed 7552K, reserved 1048576K
GC Heap History (18 events):
Event: 0.634 GC heap before
{Heap before GC invocations=0 (full 0):
 garbage-first heap   total 122880K, used 29696K [0x0000000080000000, 0x0000000100000000)
  region size 1024K, 24 young (24576K), 0 survivors (0K)
 Metaspace       used 10500K, capacity 10783K, committed 11008K, reserved 1058816K
  class space    used 1096K, capacity 1193K, committed 1280K, reserved 1048576K
}
Event: 0.639 GC heap after
{Heap after GC invocations=1 (full 0):
 garbage-first heap   total 122880K, used 8530K [0x0000000080000000, 0x0000000100000000)
  region size 1024K, 3 young (3072K), 3 survivors (3072K)
 Metaspace       used 10500K, capacity 10783K, committed 11008K, reserved 1058816K
  class space    used 1096K, capacity 1193K, committed 1280K, reserved 1048576K
}
Event: 1.781 GC heap before
{Heap before GC invocations=1 (full 0):
 garbage-first heap   total 122880K, used 78162K [0x0000000080000000, 0x0000000100000000)
  region size 1024K, 72 young (73728K), 3 survivors (3072K)
 Metaspace       used 18413K, capacity 18872K, committed 19072K, reserved 1067008K
  class space    used 2193K, capacity 2328K, committed 2432K, reserved 1048576K
}
Event: 1.789 GC heap after
{Heap after GC invocations=2 (full 0):
 garbage-first heap   total 122880K, used 15412K [0x0000000080000000, 0x0000000100000000)
  region size 1024K, 9 young (9216K), 9 survivors (9216K)
 Metaspace       used 18413K, capacity 18872K, committed 19072K, reserved 1067008K
  class space    used 2193K, capacity 2328K, committed 2432K, reserved 1048576K
}
Event: 1.935 GC heap before
{Heap before GC invocations=2 (full 0):
 garbage-first heap   total 122880K, used 30772K [0x0000000080000000, 0x0000000100000000)
  region size 1024K, 25 young (25600K), 9 survivors (9216K)
 Metaspace       used 20664K, capacity 21191K, committed 21296K, reserved 1069056K
  class space    used 2518K, capacity 2680K, committed 2688K, reserved 1048576K
}
Event: 1.942 GC heap after
{Heap after GC invocations=3 (full 0):
 garbage-first heap   total 122880K, used 16511K [0x0000000080000000, 0x0000000100000000)
  region size 1024K, 1 young (1024K), 1 survivors (1024K)
 Metaspace       used 20664K, capacity 21191K, committed 21296K, reserved 1069056K
  class space    used 2518K, capacity 2680K, committed 2688K, reserved 1048576K
}
Event: 2.401 GC heap before
{Heap before GC invocations=4 (full 0):
 garbage-first heap   total 122880K, used 60543K [0x0000000080000000, 0x0000000100000000)
  region size 1024K, 44 young (45056K), 1 survivors (1024K)
 Metaspace       used 25659K, capacity 26309K, committed 26368K, reserved 1073152K
  class space    used 3328K, capacity 3538K, committed 3584K, reserved 1048576K
}
Event: 2.404 GC heap after
{Heap after GC invocations=5 (full 0):
 garbage-first heap   total 122880K, used 18187K [0x0000000080000000, 0x0000000100000000)
  region size 1024K, 3 young (3072K), 3 survivors (3072K)
 Metaspace       used 25659K, capacity 26309K, committed 26368K, reserved 1073152K
  class space    used 3328K, capacity 3538K, committed 3584K, reserved 1048576K
}
Event: 3.034 GC heap before
{Heap before GC invocations=5 (full 0):
 garbage-first heap   total 122880K, used 65291K [0x0000000080000000, 0x0000000100000000)
  region size 1024K, 50 young (51200K), 3 survivors (3072K)
 Metaspace       used 33531K, capacity 34210K, committed 34304K, reserved 1079296K
  class space    used 4325K, capacity 4555K, committed 4608K, reserved 1048576K
}
Event: 3.039 GC heap after
{Heap after GC invocations=6 (full 0):
 garbage-first heap   total 122880K, used 20916K [0x0000000080000000, 0x0000000100000000)
  region size 1024K, 6 young (6144K), 6 survivors (6144K)
 Metaspace       used 33531K, capacity 34210K, committed 34304K, reserved 1079296K
  class space    used 4325K, capacity 4555K, committed 4608K, reserved 1048576K
}
Event: 3.200 GC heap before
{Heap before GC invocations=6 (full 0):
 garbage-first heap   total 122880K, used 32180K [0x0000000080000000, 0x0000000100000000)
  region size 1024K, 18 young (18432K), 6 survivors (6144K)
 Metaspace       used 35255K, capacity 36009K, committed 36048K, reserved 1081344K
  class space    used 4572K, capacity 4858K, committed 4864K, reserved 1048576K
}
Event: 3.210 GC heap after
{Heap after GC invocations=7 (full 0):
 garbage-first heap   total 147456K, used 21974K [0x0000000080000000, 0x0000000100000000)
  region size 1024K, 4 young (4096K), 4 survivors (4096K)
 Metaspace       used 35255K, capacity 36009K, committed 36048K, reserved 1081344K
  class space    used 4572K, capacity 4858K, committed 4864K, reserved 1048576K
}
Event: 3.942 GC heap before
{Heap before GC invocations=8 (full 0):
 garbage-first heap   total 147456K, used 92630K [0x0000000080000000, 0x0000000100000000)
  region size 1024K, 70 young (71680K), 4 survivors (4096K)
 Metaspace       used 41778K, capacity 42703K, committed 42832K, reserved 1087488K
  class space    used 5351K, capacity 5676K, committed 5760K, reserved 1048576K
}
Event: 3.950 GC heap after
{Heap after GC invocations=9 (full 0):
 garbage-first heap   total 147456K, used 25116K [0x0000000080000000, 0x0000000100000000)
  region size 1024K, 7 young (7168K), 7 survivors (7168K)
 Metaspace       used 41778K, capacity 42703K, committed 42832K, reserved 1087488K
  class space    used 5351K, capacity 5676K, committed 5760K, reserved 1048576K
}
Event: 4.740 GC heap before
{Heap before GC invocations=9 (full 0):
 garbage-first heap   total 147456K, used 96796K [0x0000000080000000, 0x0000000100000000)
  region size 1024K, 75 young (76800K), 7 survivors (7168K)
 Metaspace       used 45230K, capacity 46456K, committed 46672K, reserved 1089536K
  class space    used 5785K, capacity 6186K, committed 6272K, reserved 1048576K
}
Event: 4.753 GC heap after
{Heap after GC invocations=10 (full 0):
 garbage-first heap   total 147456K, used 36585K [0x0000000080000000, 0x0000000100000000)
  region size 1024K, 10 young (10240K), 10 survivors (10240K)
 Metaspace       used 45230K, capacity 46456K, committed 46672K, reserved 1089536K
  class space    used 5785K, capacity 6186K, committed 6272K, reserved 1048576K
}
Event: 5.640 GC heap before
{Heap before GC invocations=10 (full 0):
 garbage-first heap   total 147456K, used 101097K [0x0000000080000000, 0x0000000100000000)
  region size 1024K, 73 young (74752K), 10 survivors (10240K)
 Metaspace       used 54986K, capacity 56339K, committed 56656K, reserved 1097728K
  class space    used 6987K, capacity 7432K, committed 7552K, reserved 1048576K
}
Event: 5.658 GC heap after
{Heap after GC invocations=11 (full 0):
 garbage-first heap   total 147456K, used 39774K [0x0000000080000000, 0x0000000100000000)
  region size 1024K, 3 young (3072K), 3 survivors (3072K)
 Metaspace       used 54986K, capacity 56339K, committed 56656K, reserved 1097728K
  class space    used 6987K, capacity 7432K, committed 7552K, reserved 1048576K
}

